<?xml version="1.0" encoding="UTF-8" ?>
<testsuite tests="8" failures="0" name="com.inho.chatbot.chat.api.ChatControllerTest" time="0.521" errors="0" skipped="0">
  <properties>
[...]
</properties>
  <testcase classname="com.inho.chatbot.chat.api.ChatControllerTest" name="startSkillTestInvalidSkill" time="0.264"/>
  <testcase classname="com.inho.chatbot.chat.api.ChatControllerTest" name="startSkillWhenAlreadyInProgressTest" time="0.017"/>
  <testcase classname="com.inho.chatbot.chat.api.ChatControllerTest" name="userChatTestInvalidBot" time="0.012"/>
  <testcase classname="com.inho.chatbot.chat.api.ChatControllerTest" name="startSkillChooseNoExitTest" time="0.078"/>
  <testcase classname="com.inho.chatbot.chat.api.ChatControllerTest" name="userChatTest" time="0.007"/>
  <testcase classname="com.inho.chatbot.chat.api.ChatControllerTest" name="startUserChatDuringSkillTest" time="0.032"/>
  <testcase classname="com.inho.chatbot.chat.api.ChatControllerTest" name="startSkillChoosYesTest" time="0.093"/>
  <testcase classname="com.inho.chatbot.chat.api.ChatControllerTest" name="startSkillTest" time="0.018"/>
</testsuite>